<?xml version="1.0" encoding="UTF-8"?>
<!-- Generated by org.testng.reporters.JUnitXMLReporter -->
<testsuite hostname="DELL-PC" name="firefoxTest" tests="6" failures="0" timestamp="22 Sep 2016 01:51:18 GMT" time="244.645" errors="0">
  <testcase name="Invalid_Login" time="7.76" classname="TestScripts.Scenario_Login"/>
  <testcase name="Invalid_Login" time="7.668" classname="TestScripts.Scenario_Login"/>
  <testcase name="Invalid_Login" time="11.585" classname="TestScripts.Scenario_Login"/>
  <testcase name="Invalid_Login" time="6.848" classname="TestScripts.Scenario_Login"/>
  <testcase name="Invalid_Login" time="9.592" classname="TestScripts.Scenario_Login"/>
  <testcase name="Invalid_Login" time="4.94" classname="TestScripts.Scenario_Login"/>
</testsuite> <!-- firefoxTest -->
